CRITICAL - 2023-12-27 00:43:59 --> Argument 1 passed to CodeIgniter\HTTP\RedirectResponse::to() must be of the type string, null given, called in D:\wamp64\www\CodeIgniter\backup-26-12-23\backend\app\Config\Routes.php on line 71
#0 D:\wamp64\www\CodeIgniter\backup-26-12-23\backend\app\Config\Routes.php(71): CodeIgniter\HTTP\RedirectResponse->to(NULL)
#1 D:\wamp64\www\CodeIgniter\backup-26-12-23\backend\system\CodeIgniter.php(706): require('D:\\wamp64\\www\\C...')
#2 D:\wamp64\www\CodeIgniter\backup-26-12-23\backend\system\CodeIgniter.php(361): CodeIgniter\CodeIgniter->tryToRouteIt(Object(CodeIgniter\Router\RouteCollection))
#3 D:\wamp64\www\CodeIgniter\backup-26-12-23\backend\system\CodeIgniter.php(320): CodeIgniter\CodeIgniter->handleRequest(NULL, Object(Config\Cache), false)
#4 D:\wamp64\www\CodeIgniter\backup-26-12-23\backend\public\index.php(37): CodeIgniter\CodeIgniter->run()
#5 D:\wamp64\www\CodeIgniter\backup-26-12-23\backend\system\Commands\Server\rewrite.php(43): require_once('D:\\wamp64\\www\\C...')
#6 {main}
CRITICAL - 2023-12-27 00:44:10 --> Argument 1 passed to CodeIgniter\HTTP\RedirectResponse::to() must be of the type string, null given, called in D:\wamp64\www\CodeIgniter\backup-26-12-23\backend\app\Config\Routes.php on line 71
#0 D:\wamp64\www\CodeIgniter\backup-26-12-23\backend\app\Config\Routes.php(71): CodeIgniter\HTTP\RedirectResponse->to(NULL)
#1 D:\wamp64\www\CodeIgniter\backup-26-12-23\backend\system\CodeIgniter.php(706): require('D:\\wamp64\\www\\C...')
#2 D:\wamp64\www\CodeIgniter\backup-26-12-23\backend\system\CodeIgniter.php(361): CodeIgniter\CodeIgniter->tryToRouteIt(Object(CodeIgniter\Router\RouteCollection))
#3 D:\wamp64\www\CodeIgniter\backup-26-12-23\backend\system\CodeIgniter.php(320): CodeIgniter\CodeIgniter->handleRequest(NULL, Object(Config\Cache), false)
#4 D:\wamp64\www\CodeIgniter\backup-26-12-23\backend\public\index.php(37): CodeIgniter\CodeIgniter->run()
#5 D:\wamp64\www\CodeIgniter\backup-26-12-23\backend\system\Commands\Server\rewrite.php(43): require_once('D:\\wamp64\\www\\C...')
#6 {main}
CRITICAL - 2023-12-27 00:44:12 --> Argument 1 passed to CodeIgniter\HTTP\RedirectResponse::to() must be of the type string, null given, called in D:\wamp64\www\CodeIgniter\backup-26-12-23\backend\app\Config\Routes.php on line 71
#0 D:\wamp64\www\CodeIgniter\backup-26-12-23\backend\app\Config\Routes.php(71): CodeIgniter\HTTP\RedirectResponse->to(NULL)
#1 D:\wamp64\www\CodeIgniter\backup-26-12-23\backend\system\CodeIgniter.php(706): require('D:\\wamp64\\www\\C...')
#2 D:\wamp64\www\CodeIgniter\backup-26-12-23\backend\system\CodeIgniter.php(361): CodeIgniter\CodeIgniter->tryToRouteIt(Object(CodeIgniter\Router\RouteCollection))
#3 D:\wamp64\www\CodeIgniter\backup-26-12-23\backend\system\CodeIgniter.php(320): CodeIgniter\CodeIgniter->handleRequest(NULL, Object(Config\Cache), false)
#4 D:\wamp64\www\CodeIgniter\backup-26-12-23\backend\public\index.php(37): CodeIgniter\CodeIgniter->run()
#5 D:\wamp64\www\CodeIgniter\backup-26-12-23\backend\system\Commands\Server\rewrite.php(43): require_once('D:\\wamp64\\www\\C...')
#6 {main}
CRITICAL - 2023-12-27 00:44:15 --> Argument 1 passed to CodeIgniter\HTTP\RedirectResponse::to() must be of the type string, null given, called in D:\wamp64\www\CodeIgniter\backup-26-12-23\backend\app\Config\Routes.php on line 71
#0 D:\wamp64\www\CodeIgniter\backup-26-12-23\backend\app\Config\Routes.php(71): CodeIgniter\HTTP\RedirectResponse->to(NULL)
#1 D:\wamp64\www\CodeIgniter\backup-26-12-23\backend\system\CodeIgniter.php(706): require('D:\\wamp64\\www\\C...')
#2 D:\wamp64\www\CodeIgniter\backup-26-12-23\backend\system\CodeIgniter.php(361): CodeIgniter\CodeIgniter->tryToRouteIt(Object(CodeIgniter\Router\RouteCollection))
#3 D:\wamp64\www\CodeIgniter\backup-26-12-23\backend\system\CodeIgniter.php(320): CodeIgniter\CodeIgniter->handleRequest(NULL, Object(Config\Cache), false)
#4 D:\wamp64\www\CodeIgniter\backup-26-12-23\backend\public\index.php(37): CodeIgniter\CodeIgniter->run()
#5 D:\wamp64\www\CodeIgniter\backup-26-12-23\backend\system\Commands\Server\rewrite.php(43): require_once('D:\\wamp64\\www\\C...')
#6 {main}
CRITICAL - 2023-12-27 02:16:43 --> Argument 1 passed to CodeIgniter\HTTP\RedirectResponse::to() must implement interface CodeIgniter\HTTP\RequestInterface, string given, called in D:\wamp64\www\CodeIgniter\backup-26-12-23\backend\app\Filters\AuthFilter.php on line 27
#0 D:\wamp64\www\CodeIgniter\backup-26-12-23\backend\app\Filters\AuthFilter.php(27): CodeIgniter\HTTP\RedirectResponse->to('/')
#1 D:\wamp64\www\CodeIgniter\backup-26-12-23\backend\system\Filters\Filters.php(173): App\Filters\AuthFilter->before(Object(CodeIgniter\HTTP\IncomingRequest), NULL)
#2 D:\wamp64\www\CodeIgniter\backup-26-12-23\backend\system\CodeIgniter.php(386): CodeIgniter\Filters\Filters->run('/delete-account', 'before')
#3 D:\wamp64\www\CodeIgniter\backup-26-12-23\backend\system\CodeIgniter.php(320): CodeIgniter\CodeIgniter->handleRequest(NULL, Object(Config\Cache), false)
#4 D:\wamp64\www\CodeIgniter\backup-26-12-23\backend\public\index.php(37): CodeIgniter\CodeIgniter->run()
#5 D:\wamp64\www\CodeIgniter\backup-26-12-23\backend\system\Commands\Server\rewrite.php(43): require_once('D:\\wamp64\\www\\C...')
#6 {main}
CRITICAL - 2023-12-27 02:16:45 --> Argument 1 passed to CodeIgniter\HTTP\RedirectResponse::to() must implement interface CodeIgniter\HTTP\RequestInterface, string given, called in D:\wamp64\www\CodeIgniter\backup-26-12-23\backend\app\Filters\AuthFilter.php on line 27
#0 D:\wamp64\www\CodeIgniter\backup-26-12-23\backend\app\Filters\AuthFilter.php(27): CodeIgniter\HTTP\RedirectResponse->to('/')
#1 D:\wamp64\www\CodeIgniter\backup-26-12-23\backend\system\Filters\Filters.php(173): App\Filters\AuthFilter->before(Object(CodeIgniter\HTTP\IncomingRequest), NULL)
#2 D:\wamp64\www\CodeIgniter\backup-26-12-23\backend\system\CodeIgniter.php(386): CodeIgniter\Filters\Filters->run('/delete-account', 'before')
#3 D:\wamp64\www\CodeIgniter\backup-26-12-23\backend\system\CodeIgniter.php(320): CodeIgniter\CodeIgniter->handleRequest(NULL, Object(Config\Cache), false)
#4 D:\wamp64\www\CodeIgniter\backup-26-12-23\backend\public\index.php(37): CodeIgniter\CodeIgniter->run()
#5 D:\wamp64\www\CodeIgniter\backup-26-12-23\backend\system\Commands\Server\rewrite.php(43): require_once('D:\\wamp64\\www\\C...')
#6 {main}
CRITICAL - 2023-12-27 02:17:09 --> Call to a member function getPath() on null
#0 D:\wamp64\www\CodeIgniter\backup-26-12-23\backend\app\Filters\AuthFilter.php(27): CodeIgniter\HTTP\RedirectResponse->to('/')
#1 D:\wamp64\www\CodeIgniter\backup-26-12-23\backend\system\Filters\Filters.php(173): App\Filters\AuthFilter->before(Object(CodeIgniter\HTTP\IncomingRequest), NULL)
#2 D:\wamp64\www\CodeIgniter\backup-26-12-23\backend\system\CodeIgniter.php(386): CodeIgniter\Filters\Filters->run('/delete-account', 'before')
#3 D:\wamp64\www\CodeIgniter\backup-26-12-23\backend\system\CodeIgniter.php(320): CodeIgniter\CodeIgniter->handleRequest(NULL, Object(Config\Cache), false)
#4 D:\wamp64\www\CodeIgniter\backup-26-12-23\backend\public\index.php(37): CodeIgniter\CodeIgniter->run()
#5 D:\wamp64\www\CodeIgniter\backup-26-12-23\backend\system\Commands\Server\rewrite.php(43): require_once('D:\\wamp64\\www\\C...')
#6 {main}
CRITICAL - 2023-12-27 02:21:17 --> Call to undefined method CodeIgniter\HTTP\URI::getFullPath()
#0 D:\wamp64\www\CodeIgniter\backup-26-12-23\backend\system\Filters\Filters.php(173): App\Filters\AuthFilter->before(Object(CodeIgniter\HTTP\IncomingRequest), NULL)
#1 D:\wamp64\www\CodeIgniter\backup-26-12-23\backend\system\CodeIgniter.php(386): CodeIgniter\Filters\Filters->run('/delete-account', 'before')
#2 D:\wamp64\www\CodeIgniter\backup-26-12-23\backend\system\CodeIgniter.php(320): CodeIgniter\CodeIgniter->handleRequest(NULL, Object(Config\Cache), false)
#3 D:\wamp64\www\CodeIgniter\backup-26-12-23\backend\public\index.php(37): CodeIgniter\CodeIgniter->run()
#4 D:\wamp64\www\CodeIgniter\backup-26-12-23\backend\system\Commands\Server\rewrite.php(43): require_once('D:\\wamp64\\www\\C...')
#5 {main}
CRITICAL - 2023-12-27 02:30:03 -->  route cannot be found while reverse-routing.
#0 D:\wamp64\www\CodeIgniter\backup-26-12-23\backend\system\HTTP\RedirectResponse.php(56): CodeIgniter\HTTP\Exceptions\HTTPException::forInvalidRedirectRoute('')
#1 D:\wamp64\www\CodeIgniter\backup-26-12-23\backend\system\Common.php(832): CodeIgniter\HTTP\RedirectResponse->route(false)
#2 D:\wamp64\www\CodeIgniter\backup-26-12-23\backend\app\Filters\AuthFilter.php(29): redirect('/delete-account')
#3 D:\wamp64\www\CodeIgniter\backup-26-12-23\backend\system\Filters\Filters.php(173): App\Filters\AuthFilter->before(Object(CodeIgniter\HTTP\IncomingRequest), NULL)
#4 D:\wamp64\www\CodeIgniter\backup-26-12-23\backend\system\CodeIgniter.php(386): CodeIgniter\Filters\Filters->run('/delete-account', 'before')
#5 D:\wamp64\www\CodeIgniter\backup-26-12-23\backend\system\CodeIgniter.php(320): CodeIgniter\CodeIgniter->handleRequest(NULL, Object(Config\Cache), false)
#6 D:\wamp64\www\CodeIgniter\backup-26-12-23\backend\public\index.php(37): CodeIgniter\CodeIgniter->run()
#7 D:\wamp64\www\CodeIgniter\backup-26-12-23\backend\system\Commands\Server\rewrite.php(43): require_once('D:\\wamp64\\www\\C...')
#8 {main}
CRITICAL - 2023-12-27 02:30:04 -->  route cannot be found while reverse-routing.
#0 D:\wamp64\www\CodeIgniter\backup-26-12-23\backend\system\HTTP\RedirectResponse.php(56): CodeIgniter\HTTP\Exceptions\HTTPException::forInvalidRedirectRoute('')
#1 D:\wamp64\www\CodeIgniter\backup-26-12-23\backend\system\Common.php(832): CodeIgniter\HTTP\RedirectResponse->route(false)
#2 D:\wamp64\www\CodeIgniter\backup-26-12-23\backend\app\Filters\AuthFilter.php(29): redirect('/delete-account')
#3 D:\wamp64\www\CodeIgniter\backup-26-12-23\backend\system\Filters\Filters.php(173): App\Filters\AuthFilter->before(Object(CodeIgniter\HTTP\IncomingRequest), NULL)
#4 D:\wamp64\www\CodeIgniter\backup-26-12-23\backend\system\CodeIgniter.php(386): CodeIgniter\Filters\Filters->run('/delete-account', 'before')
#5 D:\wamp64\www\CodeIgniter\backup-26-12-23\backend\system\CodeIgniter.php(320): CodeIgniter\CodeIgniter->handleRequest(NULL, Object(Config\Cache), false)
#6 D:\wamp64\www\CodeIgniter\backup-26-12-23\backend\public\index.php(37): CodeIgniter\CodeIgniter->run()
#7 D:\wamp64\www\CodeIgniter\backup-26-12-23\backend\system\Commands\Server\rewrite.php(43): require_once('D:\\wamp64\\www\\C...')
#8 {main}
